  stdafx.cpp
  Abigail.cpp
  Alex.cpp
  BackTerrain.cpp
  Bat.cpp
  Camera.cpp
  Caroline.cpp
  Client.cpp
  Demetrius.cpp
  DongKuTestScene.cpp
  Elliott.cpp
  Emily.cpp
  Evelyn.cpp
  George.cpp
  Haley.cpp
  Harvey.cpp
  HaYoonTestScene.cpp
  Jas.cpp
  Jodi.cpp
  Kent.cpp
  KeyMgr.cpp
  컴파일하고 있습니다...
  Leah.cpp
  Lewis.cpp
  Linus.cpp
  Logo.cpp
  MainApp.cpp
  Marcello.cpp
  Marlon.cpp
  Marnie.cpp
  Maru.cpp
  Monster.cpp
  MonsterMgr.cpp
d:\01.kpu\4학년여름방학\stardewvalley\client\client\monstermgr.cpp(64): warning C4244: '=': 'double'에서 'float'(으)로 변환하면서 데이터가 손실될 수 있습니다.
  Morris.cpp
  MultiTexture.cpp
  MyMap.cpp
  NPC.cpp
  PathMgr.cpp
  Penny.cpp
  Pierre.cpp
  Player.cpp
  RenderMgr.cpp
  컴파일하고 있습니다...
  Robin.cpp
  Sam.cpp
  Sandy.cpp
  Scene.cpp
  Obj.cpp
  ObjectMgr.cpp
  SceneMgr.cpp
  ScrollMgr.cpp
  Sebastian.cpp
  SingleTexture.cpp
  Stage.cpp
  Device.cpp
  FrameMgr.cpp
  Terrain.cpp
  Texture.cpp
  TextureMgr.cpp
  TimerMgr.cpp
  Vincent.cpp
  코드를 생성하고 있습니다.
  1871 of 1871 functions (100.0%) were compiled.
    744 functions were new in current compilation
    0 functions had inline decision re-evaluated but remain unchanged
  코드를 생성했습니다.
  Client.vcxproj -> D:\01.KPU\4학년여름방학\StardewValley\Client\Release\Client.exe
